09-27, 13:47:14 INFO Server time: 2017-09-27 13:47:14, local time: 2017-09-27 13:47:14.925123
09-27, 13:47:15 INFO No attacks
09-27, 13:47:18 INFO Updating resources info for Pianeta Madre:
09-27, 13:47:18 INFO metal - 155985 (255000), crystal - 104378 (140000), deuterium - 70622 (140000)
09-27, 13:47:18 INFO Pianeta Madre buildings were updated
09-27, 13:47:21 INFO Sending fleet from Pianeta Madre to 2:496:12 (attack)
09-27, 13:47:26 INFO Sending fleet from Pianeta Madre to 2:495:12 (attack)
09-27, 13:47:30 INFO Sleeping for 688 secs
09-27, 13:58:59 INFO Logged as: p122247@mvrht.net
09-27, 13:58:59 INFO Fetching planets..
09-27, 13:59:00 INFO Server time: 2017-09-27 13:59:00, local time: 2017-09-27 13:59:00.377774
09-27, 13:59:01 INFO No attacks
09-27, 13:59:03 INFO Updating resources info for Pianeta Madre:
09-27, 13:59:03 INFO metal - 158360 (255000), crystal - 105372 (140000), deuterium - 70891 (140000)
09-27, 13:59:03 INFO Pianeta Madre buildings were updated
09-27, 13:59:06 INFO Sending fleet from Pianeta Madre to 2:494:4 (attack)
09-27, 13:59:11 INFO Sending fleet from Pianeta Madre to 2:494:9 (attack)
09-27, 13:59:15 INFO Sleeping for 634 secs
09-27, 14:09:50 INFO Logged as: p122247@mvrht.net
09-27, 14:09:50 INFO Fetching planets..
09-27, 14:09:51 INFO Server time: 2017-09-27 14:09:51, local time: 2017-09-27 14:09:51.307756
09-27, 14:09:52 INFO No attacks
09-27, 14:09:55 INFO Updating resources info for Pianeta Madre:
09-27, 14:09:55 INFO metal - 160557 (255000), crystal - 106291 (140000), deuterium - 71147 (140000)
09-27, 14:09:55 INFO Pianeta Madre buildings were updated
09-27, 14:09:57 INFO Sending fleet from Pianeta Madre to 2:494:12 (attack)
09-27, 14:10:03 INFO Sending fleet from Pianeta Madre to 2:495:10 (attack)
09-27, 14:10:06 INFO Sleeping for 612 secs
09-27, 14:20:20 INFO Logging in..
09-27, 14:20:21 INFO Logged as: p122247@mvrht.net
09-27, 14:20:21 INFO Fetching planets..
09-27, 14:20:22 INFO Server time: 2017-09-27 14:20:22, local time: 2017-09-27 14:20:22.238875
09-27, 14:20:22 INFO No attacks
09-27, 14:20:25 INFO Updating resources info for Pianeta Madre:
09-27, 14:20:25 INFO metal - 162982 (255000), crystal - 107329 (140000), deuterium - 71394 (140000)
09-27, 14:20:25 INFO Pianeta Madre buildings were updated
09-27, 14:20:28 INFO Sending fleet from Pianeta Madre to 2:496:12 (attack)
09-27, 14:20:33 INFO Sending fleet from Pianeta Madre to 2:495:12 (attack)
09-27, 14:20:37 INFO Sleeping for 547 secs
09-27, 14:29:45 INFO Logged as: p122247@mvrht.net
09-27, 14:29:45 INFO Fetching planets..
09-27, 14:29:46 INFO Server time: 2017-09-27 14:29:46, local time: 2017-09-27 14:29:46.211239
09-27, 14:29:47 INFO No attacks
09-27, 14:29:49 INFO Updating resources info for Pianeta Madre:
09-27, 14:29:49 INFO metal - 164882 (255000), crystal - 108124 (140000), deuterium - 71607 (140000)
09-27, 14:29:49 INFO Pianeta Madre buildings were updated
09-27, 14:29:52 INFO Sending fleet from Pianeta Madre to 2:494:4 (attack)
09-27, 14:29:57 INFO Sending fleet from Pianeta Madre to 2:494:9 (attack)
09-27, 14:30:02 INFO Sleeping for 532 secs
09-27, 14:38:55 INFO Logged as: p122247@mvrht.net
09-27, 14:38:55 INFO Fetching planets..
09-27, 14:38:55 INFO Server time: 2017-09-27 14:38:55, local time: 2017-09-27 14:38:55.804277
09-27, 14:38:56 INFO No attacks
09-27, 14:38:59 INFO Updating resources info for Pianeta Madre:
09-27, 14:38:59 INFO metal - 166735 (255000), crystal - 108899 (140000), deuterium - 71823 (140000)
09-27, 14:38:59 INFO Pianeta Madre buildings were updated
09-27, 14:38:59 INFO Building upgrade on Pianeta Madre: Solar plant
09-27, 14:39:01 INFO Sending fleet from Pianeta Madre to 2:494:12 (attack)
09-27, 14:39:07 INFO Sending fleet from Pianeta Madre to 2:495:10 (attack)
09-27, 14:39:11 INFO Sleeping for 685 secs
09-27, 14:50:37 INFO Logged as: p122247@mvrht.net
09-27, 14:50:37 INFO Fetching planets..
09-27, 14:50:38 INFO Server time: 2017-09-27 14:50:38, local time: 2017-09-27 14:50:38.222920
09-27, 14:50:39 INFO No attacks
09-27, 14:50:41 INFO Updating resources info for Pianeta Madre:
09-27, 14:50:41 INFO metal - 8377 (255000), crystal - 48691 (140000), deuterium - 72099 (140000)
09-27, 14:50:41 INFO Pianeta Madre buildings were updated
09-27, 14:50:41 INFO Building queue is not empty
09-27, 14:50:44 INFO Sending fleet from Pianeta Madre to 2:496:12 (attack)
09-27, 14:50:49 INFO Sending fleet from Pianeta Madre to 2:495:12 (attack)
09-27, 14:50:53 INFO Sleeping for 622 secs
09-27, 15:01:16 INFO Logged as: p122247@mvrht.net
09-27, 15:01:16 INFO Fetching planets..
09-27, 15:01:17 INFO Server time: 2017-09-27 15:01:17, local time: 2017-09-27 15:01:17.184048
09-27, 15:01:18 INFO No attacks
09-27, 15:01:20 INFO Updating resources info for Pianeta Madre:
09-27, 15:01:20 INFO metal - 10529 (255000), crystal - 49592 (140000), deuterium - 72334 (140000)
09-27, 15:01:20 INFO Pianeta Madre buildings were updated
09-27, 15:01:20 INFO Building queue is not empty
09-27, 15:01:23 INFO Sending fleet from Pianeta Madre to 2:494:4 (attack)
09-27, 15:01:28 INFO Sending fleet from Pianeta Madre to 2:494:9 (attack)
09-27, 15:01:32 INFO Sleeping for 555 secs
09-27, 15:10:48 INFO Logged as: p122247@mvrht.net
09-27, 15:10:48 INFO Fetching planets..
09-27, 15:10:49 INFO Server time: 2017-09-27 15:10:49, local time: 2017-09-27 15:10:49.295531
09-27, 15:10:50 INFO No attacks
09-27, 15:10:52 INFO Updating resources info for Pianeta Madre:
09-27, 15:10:52 INFO metal - 12457 (255000), crystal - 50398 (140000), deuterium - 72558 (140000)
09-27, 15:10:52 INFO Pianeta Madre buildings were updated
09-27, 15:10:52 INFO Building queue is not empty
09-27, 15:10:55 INFO Sending fleet from Pianeta Madre to 2:494:12 (attack)
09-27, 15:10:59 INFO Sending fleet from Pianeta Madre to 2:495:10 (attack)
09-27, 15:11:04 INFO Sleeping for 686 secs
09-27, 15:22:31 INFO Logged as: p122247@mvrht.net
09-27, 15:22:31 INFO Fetching planets..
09-27, 15:22:32 INFO Server time: 2017-09-27 15:22:32, local time: 2017-09-27 15:22:32.356265
09-27, 15:22:33 INFO No attacks
09-27, 15:22:36 INFO Updating resources info for Pianeta Madre:
09-27, 15:22:36 INFO metal - 17362 (255000), crystal - 53906 (140000), deuterium - 72834 (140000)
09-27, 15:22:36 INFO Pianeta Madre buildings were updated
09-27, 15:22:36 INFO Building queue is not empty
09-27, 15:22:39 INFO Sending fleet from Pianeta Madre to 2:496:12 (attack)
09-27, 15:22:44 INFO Sending fleet from Pianeta Madre to 2:495:12 (attack)
09-27, 15:22:49 INFO Sleeping for 558 secs
09-27, 15:32:08 INFO Logged as: p122247@mvrht.net
09-27, 15:32:08 INFO Fetching planets..
09-27, 15:32:09 INFO Server time: 2017-09-27 15:32:08, local time: 2017-09-27 15:32:09.165349
09-27, 15:32:10 INFO No attacks
09-27, 15:32:12 INFO Updating resources info for Pianeta Madre:
09-27, 15:32:12 INFO metal - 19302 (255000), crystal - 54717 (140000), deuterium - 73053 (140000)
09-27, 15:32:12 INFO Pianeta Madre buildings were updated
09-27, 15:32:12 INFO Building queue is not empty
09-27, 15:32:15 INFO Sending fleet from Pianeta Madre to 2:494:4 (attack)
09-27, 15:32:21 INFO Sending fleet from Pianeta Madre to 2:494:9 (attack)
09-27, 15:32:25 INFO Sleeping for 619 secs
09-27, 15:42:45 INFO Logged as: p122247@mvrht.net
09-27, 15:42:45 INFO Fetching planets..
09-27, 15:42:46 INFO Server time: 2017-09-27 15:42:46, local time: 2017-09-27 15:42:46.239446
09-27, 15:42:47 INFO No attacks
09-27, 15:42:50 INFO Updating resources info for Pianeta Madre:
09-27, 15:42:50 INFO metal - 21452 (255000), crystal - 55616 (140000), deuterium - 73303 (140000)
09-27, 15:42:50 INFO Pianeta Madre buildings were updated
09-27, 15:42:50 INFO Building queue is not empty
09-27, 15:42:53 INFO Sending fleet from Pianeta Madre to 2:494:12 (attack)
09-27, 15:42:58 INFO Sending fleet from Pianeta Madre to 2:495:10 (attack)
09-27, 15:43:02 INFO Sleeping for 581 secs
09-27, 15:52:44 INFO Logged as: p122247@mvrht.net
09-27, 15:52:44 INFO Fetching planets..
09-27, 15:52:44 INFO Server time: 2017-09-27 15:52:44, local time: 2017-09-27 15:52:44.721822
09-27, 15:52:45 INFO No attacks
09-27, 15:52:48 INFO Updating resources info for Pianeta Madre:
09-27, 15:52:48 INFO metal - 24974 (255000), crystal - 57838 (140000), deuterium - 73538 (140000)
09-27, 15:52:48 INFO Pianeta Madre buildings were updated
09-27, 15:52:48 INFO Building queue is not empty
09-27, 15:52:51 INFO Sending fleet from Pianeta Madre to 2:496:12 (attack)
09-27, 15:52:56 INFO Sending fleet from Pianeta Madre to 2:495:12 (attack)
09-27, 15:53:00 INFO Sleeping for 475 secs
09-27, 16:00:56 INFO Logged as: p122247@mvrht.net
09-27, 16:00:56 INFO Fetching planets..
09-27, 16:00:56 INFO Server time: 2017-09-27 16:00:56, local time: 2017-09-27 16:00:56.813672
09-27, 16:00:57 INFO No attacks
09-27, 16:01:00 INFO Updating resources info for Pianeta Madre:
09-27, 16:01:00 INFO metal - 26632 (255000), crystal - 58531 (140000), deuterium - 73715 (140000)
09-27, 16:01:00 INFO Pianeta Madre buildings were updated
09-27, 16:01:00 INFO Building queue is not empty
09-27, 16:01:03 INFO Sending fleet from Pianeta Madre to 2:494:4 (attack)
09-27, 16:01:08 INFO Sending fleet from Pianeta Madre to 2:494:9 (attack)
09-27, 16:01:12 INFO Sleeping for 611 secs
09-27, 16:11:24 INFO Logged as: p122247@mvrht.net
09-27, 16:11:24 INFO Fetching planets..
09-27, 16:11:25 INFO Server time: 2017-09-27 16:11:25, local time: 2017-09-27 16:11:25.286833
09-27, 16:11:26 INFO No attacks
09-27, 16:11:28 INFO Updating resources info for Pianeta Madre:
09-27, 16:11:28 INFO metal - 28747 (255000), crystal - 59416 (140000), deuterium - 73961 (140000)
09-27, 16:11:28 INFO Pianeta Madre buildings were updated
09-27, 16:11:28 INFO Building queue is not empty
09-27, 16:11:31 INFO Sending fleet from Pianeta Madre to 2:494:12 (attack)
09-27, 16:11:36 INFO Sending fleet from Pianeta Madre to 2:495:10 (attack)
09-27, 16:11:40 INFO Sleeping for 586 secs
09-27, 16:21:27 INFO Logged as: p122247@mvrht.net
09-27, 16:21:27 INFO Fetching planets..
09-27, 16:21:28 INFO Server time: 2017-09-27 16:21:27, local time: 2017-09-27 16:21:28.164371
09-27, 16:21:28 INFO No attacks
09-27, 16:21:31 INFO Updating resources info for Pianeta Madre:
09-27, 16:21:31 INFO metal - 31459 (255000), crystal - 60918 (140000), deuterium - 74198 (140000)
09-27, 16:21:31 INFO Pianeta Madre buildings were updated
09-27, 16:21:31 INFO Building queue is not empty
09-27, 16:21:34 INFO Sending fleet from Pianeta Madre to 2:496:12 (attack)
09-27, 16:21:39 INFO Sending fleet from Pianeta Madre to 2:495:12 (attack)
09-27, 16:21:43 INFO Sleeping for 578 secs
09-27, 16:31:23 INFO Logged as: p122247@mvrht.net
09-27, 16:31:23 INFO Fetching planets..
09-27, 16:31:23 INFO Server time: 2017-09-27 16:31:23, local time: 2017-09-27 16:31:23.409803
09-27, 16:31:24 INFO No attacks
09-27, 16:31:27 INFO Updating resources info for Pianeta Madre:
09-27, 16:31:27 INFO metal - 33467 (255000), crystal - 61757 (140000), deuterium - 74424 (140000)
09-27, 16:31:27 INFO Pianeta Madre buildings were updated
09-27, 16:31:27 INFO Building queue is not empty
09-27, 16:31:29 INFO Sending fleet from Pianeta Madre to 2:494:4 (attack)
09-27, 16:31:34 INFO Sending fleet from Pianeta Madre to 2:494:9 (attack)
09-27, 16:31:39 INFO Sleeping for 487 secs
09-27, 16:39:47 INFO Logged as: p122247@mvrht.net
09-27, 16:39:47 INFO Fetching planets..
09-27, 16:39:47 INFO Server time: 2017-09-27 16:39:47, local time: 2017-09-27 16:39:47.595207
09-27, 16:39:48 INFO No attacks
09-27, 16:39:51 INFO Updating resources info for Pianeta Madre:
09-27, 16:39:51 INFO metal - 35165 (255000), crystal - 62468 (140000), deuterium - 74622 (140000)
09-27, 16:39:51 INFO Pianeta Madre buildings were updated
09-27, 16:39:51 INFO Building queue is not empty
09-27, 16:39:53 INFO Sending fleet from Pianeta Madre to 2:494:12 (attack)
09-27, 16:39:59 INFO Sending fleet from Pianeta Madre to 2:495:10 (attack)
09-27, 16:40:03 INFO Sleeping for 616 secs
09-27, 16:50:21 INFO Logged as: p122247@mvrht.net
09-27, 16:50:21 INFO Fetching planets..
09-27, 16:50:21 INFO Server time: 2017-09-27 16:50:21, local time: 2017-09-27 16:50:21.631030
09-27, 16:50:22 INFO No attacks
09-27, 16:50:24 INFO Updating resources info for Pianeta Madre:
09-27, 16:50:24 INFO metal - 37836 (255000), crystal - 63785 (140000), deuterium - 74870 (140000)
09-27, 16:50:24 INFO Pianeta Madre buildings were updated
09-27, 16:50:24 INFO Building queue is not empty
09-27, 16:50:27 INFO Sending fleet from Pianeta Madre to 2:496:12 (attack)
09-27, 16:50:32 INFO Sending fleet from Pianeta Madre to 2:495:12 (attack)
09-27, 16:50:36 INFO Sleeping for 673 secs
09-27, 17:01:50 INFO Logged as: p122247@mvrht.net
09-27, 17:01:50 INFO Fetching planets..
09-27, 17:01:51 INFO Server time: 2017-09-27 17:01:51, local time: 2017-09-27 17:01:51.286106
09-27, 17:01:52 INFO No attacks
09-27, 17:01:54 INFO Updating resources info for Pianeta Madre:
09-27, 17:01:54 INFO metal - 40161 (255000), crystal - 64757 (140000), deuterium - 75125 (140000)
09-27, 17:01:54 INFO Pianeta Madre buildings were updated
09-27, 17:01:54 INFO Building queue is not empty
09-27, 17:01:57 INFO Sending fleet from Pianeta Madre to 2:494:4 (attack)
09-27, 17:02:02 INFO Sending fleet from Pianeta Madre to 2:494:9 (attack)
09-27, 17:02:06 INFO Sleeping for 464 secs
09-27, 17:09:52 INFO Logged as: p122247@mvrht.net
09-27, 17:09:52 INFO Fetching planets..
09-27, 17:09:52 INFO Server time: 2017-09-27 17:09:52, local time: 2017-09-27 17:09:52.542894
09-27, 17:09:53 INFO No attacks
09-27, 17:09:55 INFO Updating resources info for Pianeta Madre:
09-27, 17:09:55 INFO metal - 41782 (255000), crystal - 65435 (140000), deuterium - 75314 (140000)
09-27, 17:09:55 INFO Pianeta Madre buildings were updated
09-27, 17:09:55 INFO Building queue is not empty
09-27, 17:09:58 INFO Sending fleet from Pianeta Madre to 2:494:12 (attack)
09-27, 17:10:04 INFO Sending fleet from Pianeta Madre to 2:495:10 (attack)
09-27, 17:10:08 INFO Sleeping for 682 secs
09-27, 17:21:31 INFO Logged as: p122247@mvrht.net
09-27, 17:21:31 INFO Fetching planets..
09-27, 17:21:32 INFO Server time: 2017-09-27 17:21:32, local time: 2017-09-27 17:21:32.263525
09-27, 17:21:33 INFO No attacks
09-27, 17:21:35 INFO Updating resources info for Pianeta Madre:
09-27, 17:21:35 INFO metal - 44354 (255000), crystal - 66606 (140000), deuterium - 75589 (140000)
09-27, 17:21:35 INFO Pianeta Madre buildings were updated
09-27, 17:21:35 INFO Building queue is not empty
09-27, 17:21:38 INFO Sending fleet from Pianeta Madre to 2:496:12 (attack)
09-27, 17:21:44 INFO Sending fleet from Pianeta Madre to 2:495:12 (attack)
09-27, 17:21:48 INFO Sleeping for 611 secs
09-27, 17:32:00 INFO Logged as: p122247@mvrht.net
09-27, 17:32:00 INFO Fetching planets..
09-27, 17:32:00 INFO Server time: 2017-09-27 17:32:00, local time: 2017-09-27 17:32:00.616356
09-27, 17:32:01 INFO No attacks
09-27, 17:32:04 INFO Updating resources info for Pianeta Madre:
09-27, 17:32:04 INFO metal - 46473 (255000), crystal - 67492 (140000), deuterium - 75827 (140000)
09-27, 17:32:04 INFO Pianeta Madre buildings were updated
09-27, 17:32:04 INFO Building queue is not empty
09-27, 17:32:07 INFO Sending fleet from Pianeta Madre to 2:494:4 (attack)
09-27, 17:32:12 INFO Sending fleet from Pianeta Madre to 2:494:9 (attack)
09-27, 17:32:15 INFO Sleeping for 565 secs
09-27, 17:41:42 INFO Logged as: p122247@mvrht.net
09-27, 17:41:42 INFO Fetching planets..
09-27, 17:41:42 INFO Server time: 2017-09-27 17:41:42, local time: 2017-09-27 17:41:42.629105
09-27, 17:41:43 INFO No attacks
09-27, 17:41:45 INFO Updating resources info for Pianeta Madre:
09-27, 17:41:45 INFO metal - 48431 (255000), crystal - 68311 (140000), deuterium - 76055 (140000)
09-27, 17:41:45 INFO Pianeta Madre buildings were updated
09-27, 17:41:45 INFO Building queue is not empty
09-27, 17:41:48 INFO Sending fleet from Pianeta Madre to 2:494:12 (attack)
09-27, 17:41:53 INFO Sending fleet from Pianeta Madre to 2:495:10 (attack)
09-27, 17:41:57 INFO Sleeping for 633 secs
09-27, 17:52:31 INFO Logged as: p122247@mvrht.net
09-27, 17:52:31 INFO Fetching planets..
09-27, 17:52:32 INFO Server time: 2017-09-27 17:52:32, local time: 2017-09-27 17:52:32.336883
09-27, 17:52:33 INFO No attacks
09-27, 17:52:35 INFO Updating resources info for Pianeta Madre:
09-27, 17:52:35 INFO metal - 50898 (255000), crystal - 69405 (140000), deuterium - 76311 (140000)
09-27, 17:52:35 INFO Pianeta Madre buildings were updated
09-27, 17:52:35 INFO Building queue is not empty
09-27, 17:52:38 INFO Sending fleet from Pianeta Madre to 2:496:12 (attack)
09-27, 17:52:43 INFO Sending fleet from Pianeta Madre to 2:495:12 (attack)
09-27, 17:52:48 INFO Sleeping for 623 secs
09-27, 18:03:12 INFO Logged as: p122247@mvrht.net
09-27, 18:03:12 INFO Fetching planets..
09-27, 18:03:13 INFO Server time: 2017-09-27 18:03:12, local time: 2017-09-27 18:03:13.004139
09-27, 18:03:13 INFO No attacks
09-27, 18:03:16 INFO Updating resources info for Pianeta Madre:
09-27, 18:03:16 INFO metal - 53058 (255000), crystal - 70308 (140000), deuterium - 76546 (140000)
09-27, 18:03:16 INFO Pianeta Madre buildings were updated
09-27, 18:03:16 INFO Building queue is not empty
09-27, 18:03:18 INFO Sending fleet from Pianeta Madre to 2:494:4 (attack)
09-27, 18:03:24 INFO Sending fleet from Pianeta Madre to 2:494:9 (attack)
09-27, 18:03:28 INFO Sleeping for 507 secs
09-27, 18:11:56 INFO Logged as: p122247@mvrht.net
09-27, 18:11:56 INFO Fetching planets..
09-27, 18:11:57 INFO Server time: 2017-09-27 18:11:57, local time: 2017-09-27 18:11:57.930930
09-27, 18:11:58 INFO No attacks
09-27, 18:12:02 INFO Updating resources info for Pianeta Madre:
09-27, 18:12:02 INFO metal - 54830 (255000), crystal - 71049 (140000), deuterium - 76753 (140000)
09-27, 18:12:02 INFO Pianeta Madre buildings were updated
09-27, 18:12:02 INFO Building queue is not empty
09-27, 18:12:05 INFO Sending fleet from Pianeta Madre to 2:494:12 (attack)
09-27, 18:12:13 INFO Sending fleet from Pianeta Madre to 2:495:10 (attack)
09-27, 18:12:19 INFO Sleeping for 609 secs
09-27, 18:22:29 INFO Logged as: p122247@mvrht.net
09-27, 18:22:29 INFO Fetching planets..
09-27, 18:22:29 INFO Server time: 2017-09-27 18:22:29, local time: 2017-09-27 18:22:29.909211
09-27, 18:22:30 INFO No attacks
09-27, 18:22:33 INFO Updating resources info for Pianeta Madre:
09-27, 18:22:33 INFO metal - 57055 (255000), crystal - 72007 (140000), deuterium - 77000 (140000)
09-27, 18:22:33 INFO Pianeta Madre buildings were updated
09-27, 18:22:33 INFO Building queue is not empty
09-27, 18:22:36 INFO Sending fleet from Pianeta Madre to 2:496:12 (attack)
09-27, 18:22:41 INFO Sending fleet from Pianeta Madre to 2:495:12 (attack)
09-27, 18:22:46 INFO Sleeping for 638 secs
09-27, 18:33:25 INFO Logged as: p122247@mvrht.net
09-27, 18:33:25 INFO Fetching planets..
09-27, 18:33:25 INFO Server time: 2017-09-27 18:33:25, local time: 2017-09-27 18:33:25.894434
09-27, 18:33:26 INFO No attacks
09-27, 18:33:29 INFO Updating resources info for Pianeta Madre:
09-27, 18:33:29 INFO metal - 59265 (255000), crystal - 72932 (140000), deuterium - 77250 (140000)
09-27, 18:33:29 INFO Pianeta Madre buildings were updated
09-27, 18:33:29 INFO Building queue is not empty
09-27, 18:33:31 INFO Sending fleet from Pianeta Madre to 2:494:4 (attack)
09-27, 18:33:36 INFO Sending fleet from Pianeta Madre to 2:494:9 (attack)
09-27, 18:33:41 INFO Sleeping for 627 secs
09-27, 18:44:09 INFO Logged as: p122247@mvrht.net
09-27, 18:44:09 INFO Fetching planets..
09-27, 18:44:09 INFO Server time: 2017-09-27 18:44:09, local time: 2017-09-27 18:44:09.787860
09-27, 18:44:10 INFO No attacks
09-27, 18:44:13 INFO Updating resources info for Pianeta Madre:
09-27, 18:44:13 INFO metal - 61435 (255000), crystal - 73839 (140000), deuterium - 77503 (140000)
09-27, 18:44:13 INFO Pianeta Madre buildings were updated
09-27, 18:44:13 INFO Building queue is not empty
09-27, 18:44:15 INFO Sending fleet from Pianeta Madre to 2:494:12 (attack)
09-27, 18:44:20 INFO Sending fleet from Pianeta Madre to 2:495:10 (attack)
09-27, 18:44:24 INFO Sleeping for 646 secs
09-27, 18:55:12 INFO Logged as: p122247@mvrht.net
09-27, 18:55:12 INFO Fetching planets..
09-27, 18:55:12 INFO Server time: 2017-09-27 18:55:12, local time: 2017-09-27 18:55:12.586033
09-27, 18:55:13 INFO No attacks
09-27, 18:55:16 INFO Updating resources info for Pianeta Madre:
09-27, 18:55:16 INFO metal - 63843 (255000), crystal - 74865 (140000), deuterium - 77763 (140000)
09-27, 18:55:16 INFO Pianeta Madre buildings were updated
09-27, 18:55:16 INFO Building queue is not empty
09-27, 18:55:18 INFO Sending fleet from Pianeta Madre to 2:496:12 (attack)
09-27, 18:55:24 INFO Sending fleet from Pianeta Madre to 2:495:12 (attack)
09-27, 18:55:28 INFO Sleeping for 631 secs
09-27, 19:06:00 INFO Logged as: p122247@mvrht.net
09-27, 19:06:00 INFO Fetching planets..
09-27, 19:06:01 INFO Server time: 2017-09-27 19:06:00, local time: 2017-09-27 19:06:01.019079
09-27, 19:06:01 INFO No attacks
09-27, 19:06:05 INFO Updating resources info for Pianeta Madre:
09-27, 19:06:05 INFO metal - 66029 (255000), crystal - 75780 (140000), deuterium - 78002 (140000)
09-27, 19:06:05 INFO Pianeta Madre buildings were updated
09-27, 19:06:05 INFO Building queue is not empty
09-27, 19:06:08 INFO Sending fleet from Pianeta Madre to 2:494:4 (attack)
09-27, 19:06:13 INFO Sending fleet from Pianeta Madre to 2:494:9 (attack)
09-27, 19:06:17 INFO Sleeping for 494 secs
09-27, 19:14:32 INFO Logged as: p122247@mvrht.net
09-27, 19:14:32 INFO Fetching planets..
09-27, 19:14:32 INFO Server time: 2017-09-27 19:14:32, local time: 2017-09-27 19:14:32.935758
09-27, 19:14:33 INFO No attacks
09-27, 19:14:36 INFO Updating resources info for Pianeta Madre:
09-27, 19:14:36 INFO metal - 67751 (255000), crystal - 76500 (140000), deuterium - 78202 (140000)
09-27, 19:14:36 INFO Pianeta Madre buildings were updated
09-27, 19:14:36 INFO Building queue is not empty
09-27, 19:14:39 INFO Sending fleet from Pianeta Madre to 2:494:12 (attack)
09-27, 19:14:44 INFO Sending fleet from Pianeta Madre to 2:495:10 (attack)
09-27, 19:14:48 INFO Sleeping for 410 secs
09-27, 19:21:39 INFO Logged as: p122247@mvrht.net
09-27, 19:21:39 INFO Fetching planets..
09-27, 19:21:40 INFO Server time: 2017-09-27 19:21:40, local time: 2017-09-27 19:21:40.210024
09-27, 19:21:40 INFO No attacks
09-27, 19:21:43 INFO Updating resources info for Pianeta Madre:
09-27, 19:21:43 INFO metal - 69240 (255000), crystal - 77129 (140000), deuterium - 78370 (140000)
09-27, 19:21:43 INFO Pianeta Madre buildings were updated
09-27, 19:21:43 INFO Building upgrade on Pianeta Madre: crystalMine
09-27, 19:21:46 INFO Sending fleet from Pianeta Madre to 2:496:12 (attack)
09-27, 19:21:53 INFO Sending fleet from Pianeta Madre to 2:495:12 (attack)
09-27, 19:21:56 INFO Sleeping for 631 secs
09-27, 19:32:29 INFO Logged as: p122247@mvrht.net
09-27, 19:32:29 INFO Fetching planets..
09-27, 19:32:29 INFO Server time: 2017-09-27 19:32:29, local time: 2017-09-27 19:32:29.460999
09-27, 19:32:30 INFO No attacks
09-27, 19:32:33 INFO Updating resources info for Pianeta Madre:
09-27, 19:32:33 INFO metal - 16090 (255000), crystal - 50375 (140000), deuterium - 78617 (140000)
09-27, 19:32:33 INFO Pianeta Madre buildings were updated
09-27, 19:32:33 INFO Building queue is not empty
09-27, 19:32:35 INFO Sending fleet from Pianeta Madre to 2:494:4 (attack)
09-27, 19:32:41 INFO Sending fleet from Pianeta Madre to 2:494:9 (attack)
09-27, 19:32:45 INFO Sleeping for 602 secs
09-27, 19:42:48 INFO Logged as: p122247@mvrht.net
09-27, 19:42:48 INFO Fetching planets..
09-27, 19:42:48 INFO Server time: 2017-09-27 19:42:48, local time: 2017-09-27 19:42:48.731292
09-27, 19:42:49 INFO No attacks
09-27, 19:42:52 INFO Updating resources info for Pianeta Madre:
09-27, 19:42:52 INFO metal - 18175 (255000), crystal - 51247 (140000), deuterium - 78860 (140000)
09-27, 19:42:52 INFO Pianeta Madre buildings were updated
09-27, 19:42:52 INFO Building queue is not empty
09-27, 19:42:55 INFO Sending fleet from Pianeta Madre to 2:494:12 (attack)
09-27, 19:43:00 INFO Sending fleet from Pianeta Madre to 2:495:10 (attack)
09-27, 19:43:04 INFO Sleeping for 404 secs
09-27, 19:49:49 INFO Logged as: p122247@mvrht.net
09-27, 19:49:49 INFO Fetching planets..
09-27, 19:49:50 INFO Server time: 2017-09-27 19:49:50, local time: 2017-09-27 19:49:50.234210
09-27, 19:49:51 INFO No attacks
09-27, 19:49:54 INFO Updating resources info for Pianeta Madre:
09-27, 19:49:54 INFO metal - 19597 (255000), crystal - 51841 (140000), deuterium - 79025 (140000)
09-27, 19:49:54 INFO Pianeta Madre buildings were updated
09-27, 19:49:54 INFO Building queue is not empty
09-27, 19:49:57 INFO Sending fleet from Pianeta Madre to 2:496:12 (attack)
09-27, 19:50:02 INFO Sending fleet from Pianeta Madre to 2:495:12 (attack)
09-27, 19:50:07 INFO Sleeping for 459 secs
09-27, 20:01:33 INFO Starting bot
09-27, 20:01:34 INFO Logging in..
09-27, 20:01:36 INFO Logged as: p122247@mvrht.net
09-27, 20:01:36 INFO Fetching planets..
09-27, 20:01:36 INFO Server time: 2017-09-27 20:01:36, local time: 2017-09-27 20:01:36.464512
09-27, 20:01:37 INFO No attacks
09-27, 20:01:40 INFO Updating resources info for Pianeta Madre:
09-27, 20:01:40 INFO metal - 4163 (255000), crystal - 34931 (140000), deuterium - 79303 (140000)
09-27, 20:01:40 INFO Pianeta Madre buildings were updated
09-27, 20:01:40 INFO Building queue is not empty
09-27, 20:01:42 INFO Sending fleet from Pianeta Madre to 2:490:8 (attack)
09-27, 20:01:48 INFO Sending fleet from Pianeta Madre to 2:490:10 (attack)
09-27, 20:01:52 INFO Sleeping for 657 secs
09-27, 20:12:50 INFO Logged as: p122247@mvrht.net
09-27, 20:12:50 INFO Fetching planets..
09-27, 20:12:51 INFO Server time: 2017-09-27 20:12:51, local time: 2017-09-27 20:12:51.262292
09-27, 20:12:52 INFO No attacks
09-27, 20:12:54 INFO Updating resources info for Pianeta Madre:
09-27, 20:12:54 INFO metal - 6434 (255000), crystal - 35881 (140000), deuterium - 79549 (140000)
09-27, 20:12:54 INFO Pianeta Madre buildings were updated
09-27, 20:12:54 INFO Building queue is not empty
09-27, 20:12:57 INFO Sending fleet from Pianeta Madre to 2:490:12 (attack)
09-27, 20:13:02 INFO Sending fleet from Pianeta Madre to 2:495:10 (attack)
09-27, 20:13:06 INFO Sleeping for 479 secs
09-27, 20:21:06 INFO Logged as: p122247@mvrht.net
09-27, 20:21:06 INFO Fetching planets..
09-27, 20:21:07 INFO Server time: 2017-09-27 20:21:07, local time: 2017-09-27 20:21:07.237700
09-27, 20:21:08 INFO No attacks
09-27, 20:21:11 INFO Updating resources info for Pianeta Madre:
09-27, 20:21:11 INFO metal - 8163 (255000), crystal - 36608 (140000), deuterium - 79744 (140000)
09-27, 20:21:11 INFO Pianeta Madre buildings were updated
09-27, 20:21:11 INFO Building queue is not empty
09-27, 20:21:13 INFO Sending fleet from Pianeta Madre to 2:496:12 (attack)
09-27, 20:21:18 INFO Sending fleet from Pianeta Madre to 2:495:12 (attack)
09-27, 20:21:22 INFO Sleeping for 575 secs
09-27, 20:30:59 INFO Logged as: p122247@mvrht.net
09-27, 20:30:59 INFO Fetching planets..
09-27, 20:30:59 INFO Server time: 2017-09-27 20:30:59, local time: 2017-09-27 20:30:59.792105
09-27, 20:31:00 INFO No attacks
09-27, 20:31:03 INFO Updating resources info for Pianeta Madre:
09-27, 20:31:03 INFO metal - 10158 (255000), crystal - 37442 (140000), deuterium - 79968 (140000)
09-27, 20:31:03 INFO Pianeta Madre buildings were updated
09-27, 20:31:03 INFO Building queue is not empty
09-27, 20:31:06 INFO Sending fleet from Pianeta Madre to 2:494:4 (attack)
09-27, 20:31:11 INFO Sending fleet from Pianeta Madre to 2:494:9 (attack)
09-27, 20:31:15 INFO Sleeping for 418 secs
09-27, 20:38:14 INFO Logged as: p122247@mvrht.net
09-27, 20:38:14 INFO Fetching planets..
09-27, 20:38:15 INFO Server time: 2017-09-27 20:38:15, local time: 2017-09-27 20:38:15.495272
09-27, 20:38:16 INFO No attacks
09-27, 20:38:18 INFO Updating resources info for Pianeta Madre:
09-27, 20:38:18 INFO metal - 11624 (255000), crystal - 38055 (140000), deuterium - 80139 (140000)
09-27, 20:38:18 INFO Pianeta Madre buildings were updated
09-27, 20:38:18 INFO Building queue is not empty
09-27, 20:38:21 INFO Sending fleet from Pianeta Madre to 2:494:12 (attack)
09-27, 20:38:27 ERROR farm 2:493:4 seems not to be inactive!
09-27, 20:38:27 INFO Sleeping for 696 secs
09-27, 20:50:04 INFO Logged as: p122247@mvrht.net
09-27, 20:50:04 INFO Fetching planets..
09-27, 20:50:04 INFO Server time: 2017-09-27 20:50:04, local time: 2017-09-27 20:50:04.904868
09-27, 20:50:05 INFO No attacks
09-27, 20:50:08 INFO Updating resources info for Pianeta Madre:
09-27, 20:50:08 INFO metal - 14016 (255000), crystal - 39056 (140000), deuterium - 80418 (140000)
09-27, 20:50:08 INFO Pianeta Madre buildings were updated
09-27, 20:50:08 INFO Building queue is not empty
09-27, 20:50:10 ERROR farm 2:493:8 seems not to be inactive!
09-27, 20:50:11 INFO Sending fleet from Pianeta Madre to 2:491:4 (attack)
09-27, 20:50:16 INFO Sleeping for 658 secs
09-27, 21:01:15 INFO Logged as: p122247@mvrht.net
09-27, 21:01:15 INFO Fetching planets..
09-27, 21:01:15 INFO Server time: 2017-09-27 21:01:15, local time: 2017-09-27 21:01:15.666194
09-27, 21:01:16 INFO No attacks
09-27, 21:01:18 INFO Updating resources info for Pianeta Madre:
09-27, 21:01:18 INFO metal - 16277 (255000), crystal - 40001 (140000), deuterium - 80681 (140000)
09-27, 21:01:19 INFO Pianeta Madre buildings were updated
09-27, 21:01:19 INFO Building queue is not empty
09-27, 21:01:21 INFO Sending fleet from Pianeta Madre to 2:491:8 (attack)
09-27, 21:01:27 INFO Sending fleet from Pianeta Madre to 2:491:10 (attack)
09-27, 21:01:31 INFO Sleeping for 473 secs
09-27, 21:09:25 INFO Logged as: p122247@mvrht.net
09-27, 21:09:25 INFO Fetching planets..
09-27, 21:09:26 INFO Server time: 2017-09-27 21:09:25, local time: 2017-09-27 21:09:26.040266
09-27, 21:09:26 INFO No attacks
09-27, 21:09:29 INFO Updating resources info for Pianeta Madre:
09-27, 21:09:29 INFO metal - 27928 (255000), crystal - 50809 (140000), deuterium - 80874 (140000)
09-27, 21:09:29 INFO Pianeta Madre buildings were updated
09-27, 21:09:32 INFO Sending fleet from Pianeta Madre to 2:491:12 (attack)
09-27, 21:09:37 INFO Sending fleet from Pianeta Madre to 2:490:4 (attack)
09-27, 21:09:41 INFO Sleeping for 550 secs
09-27, 21:18:53 INFO Logged as: p122247@mvrht.net
09-27, 21:18:53 INFO Fetching planets..
09-27, 21:18:53 INFO Server time: 2017-09-27 21:18:53, local time: 2017-09-27 21:18:53.659192
09-27, 21:18:54 INFO No attacks
09-27, 21:18:57 INFO Updating resources info for Pianeta Madre:
09-27, 21:18:57 INFO metal - 29928 (255000), crystal - 51791 (140000), deuterium - 81079 (140000)
09-27, 21:18:57 INFO Pianeta Madre buildings were updated
09-27, 21:18:57 INFO Building upgrade on Pianeta Madre: deuteriumMine
09-27, 21:19:00 INFO Sending fleet from Pianeta Madre to 2:490:6 (attack)
09-27, 21:19:05 INFO Sending fleet from Pianeta Madre to 2:490:8 (attack)
09-27, 21:19:09 INFO Sleeping for 540 secs
09-27, 21:28:11 INFO Logged as: p122247@mvrht.net
09-27, 21:28:11 INFO Fetching planets..
09-27, 21:28:11 INFO Server time: 2017-09-27 21:28:11, local time: 2017-09-27 21:28:11.440251
09-27, 21:28:12 INFO No attacks
09-27, 21:28:14 INFO Updating resources info for Pianeta Madre:
09-27, 21:28:14 INFO metal - 2613 (255000), crystal - 42980 (140000), deuterium - 81288 (140000)
09-27, 21:28:14 INFO Pianeta Madre buildings were updated
09-27, 21:28:14 INFO Building queue is not empty
09-27, 21:28:17 INFO Sending fleet from Pianeta Madre to 2:490:10 (attack)
09-27, 21:28:22 INFO Sending fleet from Pianeta Madre to 2:490:12 (attack)
09-27, 21:28:26 INFO Sleeping for 648 secs
09-27, 21:39:15 INFO Logged as: p122247@mvrht.net
09-27, 21:39:15 INFO Fetching planets..
09-27, 21:39:16 INFO Server time: 2017-09-27 21:39:16, local time: 2017-09-27 21:39:16.277975
09-27, 21:39:17 INFO No attacks
09-27, 21:39:19 INFO Updating resources info for Pianeta Madre:
09-27, 21:39:19 INFO metal - 4854 (255000), crystal - 44077 (140000), deuterium - 81549 (140000)
09-27, 21:39:19 INFO Pianeta Madre buildings were updated
09-27, 21:39:19 INFO Building queue is not empty
09-27, 21:39:22 INFO Sending fleet from Pianeta Madre to 2:495:10 (attack)
09-27, 21:39:27 INFO Sending fleet from Pianeta Madre to 2:496:12 (attack)
09-27, 21:39:32 INFO Sleeping for 648 secs
09-27, 21:50:21 INFO Logged as: p122247@mvrht.net
09-27, 21:50:21 INFO Fetching planets..
09-27, 21:50:21 INFO Server time: 2017-09-27 21:50:21, local time: 2017-09-27 21:50:21.689452
09-27, 21:50:22 INFO No attacks
09-27, 21:50:25 INFO Updating resources info for Pianeta Madre:
09-27, 21:50:25 INFO metal - 7098 (255000), crystal - 45177 (140000), deuterium - 81811 (140000)
09-27, 21:50:25 INFO Pianeta Madre buildings were updated
09-27, 21:50:25 INFO Building queue is not empty
09-27, 21:50:28 INFO Sending fleet from Pianeta Madre to 2:495:12 (attack)
09-27, 21:50:32 INFO Sending fleet from Pianeta Madre to 2:494:4 (attack)
09-27, 21:50:36 INFO Sleeping for 467 secs
09-27, 21:58:24 INFO Logged as: p122247@mvrht.net
09-27, 21:58:24 INFO Fetching planets..
09-27, 21:58:25 INFO Server time: 2017-09-27 21:58:25, local time: 2017-09-27 21:58:25.342790
09-27, 21:58:26 INFO No attacks
09-27, 21:58:28 INFO Updating resources info for Pianeta Madre:
09-27, 21:58:28 INFO metal - 8725 (255000), crystal - 45974 (140000), deuterium - 82000 (140000)
09-27, 21:58:28 INFO Pianeta Madre buildings were updated
09-27, 21:58:28 INFO Building queue is not empty
09-27, 21:58:31 INFO Sending fleet from Pianeta Madre to 2:494:9 (attack)
09-27, 21:58:36 INFO Sending fleet from Pianeta Madre to 2:494:12 (attack)
09-27, 21:58:40 INFO Sleeping for 490 secs
